{"C:\\Users\\Adm\\Desktop\\coding\\CODING WORK-SCHOOL\\andela\\SIMULATIONS\\SendIT-ReactJs\\src\\App.js": {"path":"C:\\Users\\Adm\\Desktop\\coding\\CODING WORK-SCHOOL\\andela\\SIMULATIONS\\SendIT-ReactJs\\src\\App.js","statementMap":{"0":{"start":{"line":17,"column":25},"end":{"line":19,"column":11}},"1":{"start":{"line":21,"column":14},"end":{"line":21,"column":48}},"2":{"start":{"line":23,"column":14},"end":{"line":29,"column":1}},"3":{"start":{"line":31,"column":0},"end":{"line":34,"column":1}},"4":{"start":{"line":33,"column":2},"end":{"line":33,"column":22}},"5":{"start":{"line":36,"column":12},"end":{"line":48,"column":1}},"6":{"start":{"line":37,"column":2},"end":{"line":47,"column":13}},"7":{"start":{"line":42,"column":31},"end":{"line":42,"column":92}}},"fnMap":{"0":{"name":"(anonymous_0)","decl":{"start":{"line":36,"column":12},"end":{"line":36,"column":13}},"loc":{"start":{"line":37,"column":2},"end":{"line":47,"column":13}},"line":37},"1":{"name":"(anonymous_1)","decl":{"start":{"line":42,"column":20},"end":{"line":42,"column":21}},"loc":{"start":{"line":42,"column":31},"end":{"line":42,"column":92}},"line":42}},"branchMap":{"0":{"loc":{"start":{"line":17,"column":25},"end":{"line":19,"column":11}},"type":"cond-expr","locations":[{"start":{"line":18,"column":4},"end":{"line":18,"column":51}},{"start":{"line":19,"column":4},"end":{"line":19,"column":11}}],"line":17},"1":{"loc":{"start":{"line":17,"column":25},"end":{"line":17,"column":99}},"type":"binary-expr","locations":[{"start":{"line":17,"column":25},"end":{"line":17,"column":52}},{"start":{"line":17,"column":56},"end":{"line":17,"column":99}}],"line":17},"2":{"loc":{"start":{"line":31,"column":0},"end":{"line":34,"column":1}},"type":"if","locations":[{"start":{"line":31,"column":0},"end":{"line":34,"column":1}},{"start":{"line":31,"column":0},"end":{"line":34,"column":1}}],"line":31}},"s":{"0":1,"1":1,"2":1,"3":1,"4":0,"5":1,"6":2,"7":6},"f":{"0":2,"1":6},"b":{"0":[0,1],"1":[1,0],"2":[0,1]},"_coverageSchema":"1a1c01bbd47fc00a2c39e90264f33305004495a9","hash":"a21fb18353e9ec7b00f9d9ea9cec1c855cca699b"}
,"C:\\Users\\Adm\\Desktop\\coding\\CODING WORK-SCHOOL\\andela\\SIMULATIONS\\SendIT-ReactJs\\src\\actions\\authActions.js": {"path":"C:\\Users\\Adm\\Desktop\\coding\\CODING WORK-SCHOOL\\andela\\SIMULATIONS\\SendIT-ReactJs\\src\\actions\\authActions.js","statementMap":{"0":{"start":{"line":5,"column":30},"end":{"line":7,"column":2}},"1":{"start":{"line":5,"column":60},"end":{"line":7,"column":1}},"2":{"start":{"line":10,"column":30},"end":{"line":13,"column":2}},"3":{"start":{"line":10,"column":40},"end":{"line":13,"column":1}},"4":{"start":{"line":15,"column":30},"end":{"line":22,"column":1}},"5":{"start":{"line":16,"column":2},"end":{"line":16,"column":49}},"6":{"start":{"line":18,"column":2},"end":{"line":21,"column":4}},"7":{"start":{"line":24,"column":29},"end":{"line":29,"column":1}},"8":{"start":{"line":25,"column":2},"end":{"line":25,"column":40}},"9":{"start":{"line":26,"column":2},"end":{"line":28,"column":4}},"10":{"start":{"line":31,"column":28},"end":{"line":45,"column":1}},"11":{"start":{"line":31,"column":41},"end":{"line":45,"column":1}},"12":{"start":{"line":32,"column":2},"end":{"line":32,"column":29}},"13":{"start":{"line":33,"column":2},"end":{"line":44,"column":7}},"14":{"start":{"line":35,"column":6},"end":{"line":35,"column":51}},"15":{"start":{"line":38,"column":6},"end":{"line":43,"column":7}},"16":{"start":{"line":39,"column":41},"end":{"line":39,"column":79}},"17":{"start":{"line":40,"column":8},"end":{"line":40,"column":67}},"18":{"start":{"line":42,"column":8},"end":{"line":42,"column":90}},"19":{"start":{"line":48,"column":27},"end":{"line":62,"column":1}},"20":{"start":{"line":48,"column":40},"end":{"line":62,"column":1}},"21":{"start":{"line":49,"column":2},"end":{"line":49,"column":29}},"22":{"start":{"line":50,"column":2},"end":{"line":61,"column":7}},"23":{"start":{"line":52,"column":6},"end":{"line":52,"column":51}},"24":{"start":{"line":55,"column":6},"end":{"line":60,"column":7}},"25":{"start":{"line":56,"column":41},"end":{"line":56,"column":79}},"26":{"start":{"line":57,"column":8},"end":{"line":57,"column":67}},"27":{"start":{"line":59,"column":8},"end":{"line":59,"column":90}}},"fnMap":{"0":{"name":"(anonymous_0)","decl":{"start":{"line":5,"column":30},"end":{"line":5,"column":31}},"loc":{"start":{"line":5,"column":60},"end":{"line":7,"column":1}},"line":5},"1":{"name":"(anonymous_1)","decl":{"start":{"line":10,"column":30},"end":{"line":10,"column":31}},"loc":{"start":{"line":10,"column":40},"end":{"line":13,"column":1}},"line":10},"2":{"name":"(anonymous_2)","decl":{"start":{"line":15,"column":30},"end":{"line":15,"column":31}},"loc":{"start":{"line":15,"column":40},"end":{"line":22,"column":1}},"line":15},"3":{"name":"(anonymous_3)","decl":{"start":{"line":24,"column":29},"end":{"line":24,"column":30}},"loc":{"start":{"line":24,"column":35},"end":{"line":29,"column":1}},"line":24},"4":{"name":"(anonymous_4)","decl":{"start":{"line":31,"column":28},"end":{"line":31,"column":29}},"loc":{"start":{"line":31,"column":41},"end":{"line":45,"column":1}},"line":31},"5":{"name":"(anonymous_5)","decl":{"start":{"line":31,"column":41},"end":{"line":31,"column":42}},"loc":{"start":{"line":31,"column":55},"end":{"line":45,"column":1}},"line":31},"6":{"name":"(anonymous_6)","decl":{"start":{"line":34,"column":10},"end":{"line":34,"column":11}},"loc":{"start":{"line":34,"column":24},"end":{"line":36,"column":5}},"line":34},"7":{"name":"(anonymous_7)","decl":{"start":{"line":37,"column":11},"end":{"line":37,"column":12}},"loc":{"start":{"line":37,"column":22},"end":{"line":44,"column":5}},"line":37},"8":{"name":"(anonymous_8)","decl":{"start":{"line":48,"column":27},"end":{"line":48,"column":28}},"loc":{"start":{"line":48,"column":40},"end":{"line":62,"column":1}},"line":48},"9":{"name":"(anonymous_9)","decl":{"start":{"line":48,"column":40},"end":{"line":48,"column":41}},"loc":{"start":{"line":48,"column":54},"end":{"line":62,"column":1}},"line":48},"10":{"name":"(anonymous_10)","decl":{"start":{"line":51,"column":10},"end":{"line":51,"column":11}},"loc":{"start":{"line":51,"column":24},"end":{"line":53,"column":5}},"line":51},"11":{"name":"(anonymous_11)","decl":{"start":{"line":54,"column":11},"end":{"line":54,"column":12}},"loc":{"start":{"line":54,"column":22},"end":{"line":61,"column":5}},"line":54}},"branchMap":{"0":{"loc":{"start":{"line":5,"column":31},"end":{"line":5,"column":54}},"type":"default-arg","locations":[{"start":{"line":5,"column":38},"end":{"line":5,"column":54}}],"line":5},"1":{"loc":{"start":{"line":38,"column":6},"end":{"line":43,"column":7}},"type":"if","locations":[{"start":{"line":38,"column":6},"end":{"line":43,"column":7}},{"start":{"line":38,"column":6},"end":{"line":43,"column":7}}],"line":38},"2":{"loc":{"start":{"line":38,"column":10},"end":{"line":38,"column":47}},"type":"binary-expr","locations":[{"start":{"line":38,"column":10},"end":{"line":38,"column":24}},{"start":{"line":38,"column":28},"end":{"line":38,"column":47}}],"line":38},"3":{"loc":{"start":{"line":55,"column":6},"end":{"line":60,"column":7}},"type":"if","locations":[{"start":{"line":55,"column":6},"end":{"line":60,"column":7}},{"start":{"line":55,"column":6},"end":{"line":60,"column":7}}],"line":55},"4":{"loc":{"start":{"line":55,"column":10},"end":{"line":55,"column":47}},"type":"binary-expr","locations":[{"start":{"line":55,"column":10},"end":{"line":55,"column":24}},{"start":{"line":55,"column":28},"end":{"line":55,"column":47}}],"line":55}},"s":{"0":1,"1":0,"2":1,"3":1,"4":1,"5":1,"6":1,"7":1,"8":0,"9":0,"10":1,"11":0,"12":0,"13":0,"14":0,"15":0,"16":0,"17":0,"18":0,"19":1,"20":0,"21":0,"22":0,"23":0,"24":0,"25":0,"26":0,"27":0},"f":{"0":0,"1":1,"2":1,"3":0,"4":0,"5":0,"6":0,"7":0,"8":0,"9":0,"10":0,"11":0},"b":{"0":[0],"1":[0,0],"2":[0,0],"3":[0,0],"4":[0,0]},"_coverageSchema":"1a1c01bbd47fc00a2c39e90264f33305004495a9","hash":"aaef2e1ffb84750bc532c746cf637fdcfd062422"}
,"C:\\Users\\Adm\\Desktop\\coding\\CODING WORK-SCHOOL\\andela\\SIMULATIONS\\SendIT-ReactJs\\src\\actions\\types.js": {"path":"C:\\Users\\Adm\\Desktop\\coding\\CODING WORK-SCHOOL\\andela\\SIMULATIONS\\SendIT-ReactJs\\src\\actions\\types.js","statementMap":{"0":{"start":{"line":1,"column":26},"end":{"line":1,"column":38}},"1":{"start":{"line":2,"column":28},"end":{"line":2,"column":42}},"2":{"start":{"line":3,"column":28},"end":{"line":3,"column":42}},"3":{"start":{"line":5,"column":32},"end":{"line":5,"column":50}},"4":{"start":{"line":6,"column":40},"end":{"line":6,"column":66}},"5":{"start":{"line":7,"column":40},"end":{"line":7,"column":66}},"6":{"start":{"line":8,"column":42},"end":{"line":8,"column":70}},"7":{"start":{"line":10,"column":38},"end":{"line":10,"column":62}},"8":{"start":{"line":11,"column":36},"end":{"line":11,"column":58}},"9":{"start":{"line":12,"column":41},"end":{"line":12,"column":68}},"10":{"start":{"line":13,"column":39},"end":{"line":13,"column":64}},"11":{"start":{"line":15,"column":38},"end":{"line":15,"column":62}},"12":{"start":{"line":16,"column":38},"end":{"line":16,"column":62}},"13":{"start":{"line":18,"column":34},"end":{"line":18,"column":54}},"14":{"start":{"line":19,"column":36},"end":{"line":19,"column":58}},"15":{"start":{"line":20,"column":37},"end":{"line":20,"column":60}},"16":{"start":{"line":21,"column":39},"end":{"line":21,"column":64}},"17":{"start":{"line":22,"column":37},"end":{"line":22,"column":60}},"18":{"start":{"line":24,"column":31},"end":{"line":24,"column":48}},"19":{"start":{"line":25,"column":28},"end":{"line":25,"column":42}},"20":{"start":{"line":26,"column":34},"end":{"line":26,"column":54}},"21":{"start":{"line":27,"column":32},"end":{"line":27,"column":50}},"22":{"start":{"line":29,"column":24},"end":{"line":29,"column":34}},"23":{"start":{"line":31,"column":37},"end":{"line":31,"column":60}},"24":{"start":{"line":32,"column":38},"end":{"line":32,"column":62}},"25":{"start":{"line":33,"column":37},"end":{"line":33,"column":60}},"26":{"start":{"line":35,"column":31},"end":{"line":35,"column":48}},"27":{"start":{"line":36,"column":43},"end":{"line":36,"column":72}},"28":{"start":{"line":37,"column":46},"end":{"line":37,"column":78}},"29":{"start":{"line":38,"column":46},"end":{"line":38,"column":78}},"30":{"start":{"line":39,"column":44},"end":{"line":39,"column":74}},"31":{"start":{"line":40,"column":44},"end":{"line":40,"column":74}},"32":{"start":{"line":41,"column":41},"end":{"line":41,"column":68}},"33":{"start":{"line":42,"column":48},"end":{"line":42,"column":82}},"34":{"start":{"line":43,"column":42},"end":{"line":43,"column":70}},"35":{"start":{"line":45,"column":35},"end":{"line":45,"column":56}},"36":{"start":{"line":46,"column":39},"end":{"line":46,"column":64}},"37":{"start":{"line":47,"column":34},"end":{"line":47,"column":54}},"38":{"start":{"line":49,"column":38},"end":{"line":49,"column":62}},"39":{"start":{"line":50,"column":33},"end":{"line":50,"column":52}},"40":{"start":{"line":52,"column":38},"end":{"line":52,"column":62}},"41":{"start":{"line":53,"column":38},"end":{"line":53,"column":62}},"42":{"start":{"line":55,"column":38},"end":{"line":55,"column":62}},"43":{"start":{"line":56,"column":38},"end":{"line":56,"column":62}},"44":{"start":{"line":58,"column":36},"end":{"line":58,"column":58}},"45":{"start":{"line":59,"column":36},"end":{"line":59,"column":58}},"46":{"start":{"line":61,"column":34},"end":{"line":61,"column":54}},"47":{"start":{"line":63,"column":32},"end":{"line":63,"column":50}},"48":{"start":{"line":64,"column":33},"end":{"line":64,"column":52}},"49":{"start":{"line":66,"column":38},"end":{"line":66,"column":62}},"50":{"start":{"line":67,"column":34},"end":{"line":67,"column":54}},"51":{"start":{"line":68,"column":38},"end":{"line":68,"column":62}},"52":{"start":{"line":69,"column":36},"end":{"line":69,"column":58}},"53":{"start":{"line":71,"column":41},"end":{"line":71,"column":68}},"54":{"start":{"line":72,"column":40},"end":{"line":72,"column":66}},"55":{"start":{"line":73,"column":41},"end":{"line":73,"column":68}},"56":{"start":{"line":75,"column":30},"end":{"line":75,"column":46}},"57":{"start":{"line":76,"column":30},"end":{"line":76,"column":46}},"58":{"start":{"line":77,"column":29},"end":{"line":77,"column":44}},"59":{"start":{"line":78,"column":30},"end":{"line":78,"column":46}},"60":{"start":{"line":79,"column":26},"end":{"line":79,"column":38}}},"fnMap":{},"branchMap":{},"s":{"0":1,"1":1,"2":1,"3":1,"4":1,"5":1,"6":1,"7":1,"8":1,"9":1,"10":1,"11":1,"12":1,"13":1,"14":1,"15":1,"16":1,"17":1,"18":1,"19":1,"20":1,"21":1,"22":1,"23":1,"24":1,"25":1,"26":1,"27":1,"28":1,"29":1,"30":1,"31":1,"32":1,"33":1,"34":1,"35":1,"36":1,"37":1,"38":1,"39":1,"40":1,"41":1,"42":1,"43":1,"44":1,"45":1,"46":1,"47":1,"48":1,"49":1,"50":1,"51":1,"52":1,"53":1,"54":1,"55":1,"56":1,"57":1,"58":1,"59":1,"60":1},"f":{},"b":{},"_coverageSchema":"1a1c01bbd47fc00a2c39e90264f33305004495a9","hash":"9e0eca6e03d5532317be79e201b25e4190e1fccf"}
,"C:\\Users\\Adm\\Desktop\\coding\\CODING WORK-SCHOOL\\andela\\SIMULATIONS\\SendIT-ReactJs\\src\\components\\layout\\Footer.js": {"path":"C:\\Users\\Adm\\Desktop\\coding\\CODING WORK-SCHOOL\\andela\\SIMULATIONS\\SendIT-ReactJs\\src\\components\\layout\\Footer.js","statementMap":{"0":{"start":{"line":3,"column":15},"end":{"line":10,"column":1}},"1":{"start":{"line":4,"column":2},"end":{"line":9,"column":8}}},"fnMap":{"0":{"name":"(anonymous_0)","decl":{"start":{"line":3,"column":15},"end":{"line":3,"column":16}},"loc":{"start":{"line":4,"column":2},"end":{"line":9,"column":8}},"line":4}},"branchMap":{},"s":{"0":1,"1":1},"f":{"0":1},"b":{},"_coverageSchema":"1a1c01bbd47fc00a2c39e90264f33305004495a9","hash":"02bd06214bef9eb68756a16594e265c221b0496a"}
,"C:\\Users\\Adm\\Desktop\\coding\\CODING WORK-SCHOOL\\andela\\SIMULATIONS\\SendIT-ReactJs\\src\\components\\layout\\Header.js": {"path":"C:\\Users\\Adm\\Desktop\\coding\\CODING WORK-SCHOOL\\andela\\SIMULATIONS\\SendIT-ReactJs\\src\\components\\layout\\Header.js","statementMap":{"0":{"start":{"line":8,"column":15},"end":{"line":70,"column":1}},"1":{"start":{"line":9,"column":28},"end":{"line":11,"column":4}},"2":{"start":{"line":13,"column":26},"end":{"line":15,"column":3}},"3":{"start":{"line":14,"column":4},"end":{"line":14,"column":35}},"4":{"start":{"line":29,"column":25},"end":{"line":29,"column":30}},"5":{"start":{"line":31,"column":2},"end":{"line":69,"column":4}},"6":{"start":{"line":72,"column":0},"end":{"line":79,"column":2}},"7":{"start":{"line":81,"column":0},"end":{"line":95,"column":2}}},"fnMap":{"0":{"name":"(anonymous_0)","decl":{"start":{"line":8,"column":15},"end":{"line":8,"column":16}},"loc":{"start":{"line":8,"column":21},"end":{"line":70,"column":1}},"line":8},"1":{"name":"(anonymous_1)","decl":{"start":{"line":13,"column":26},"end":{"line":13,"column":27}},"loc":{"start":{"line":13,"column":43},"end":{"line":15,"column":3}},"line":13}},"branchMap":{},"s":{"0":1,"1":2,"2":1,"3":0,"4":1,"5":1,"6":1,"7":1},"f":{"0":2,"1":0},"b":{},"_coverageSchema":"1a1c01bbd47fc00a2c39e90264f33305004495a9","hash":"7c227526a64d8af57f2b1e523bbfc49f4514d261"}
,"C:\\Users\\Adm\\Desktop\\coding\\CODING WORK-SCHOOL\\andela\\SIMULATIONS\\SendIT-ReactJs\\src\\reducers\\index.js": {"path":"C:\\Users\\Adm\\Desktop\\coding\\CODING WORK-SCHOOL\\andela\\SIMULATIONS\\SendIT-ReactJs\\src\\reducers\\index.js","statementMap":{},"fnMap":{},"branchMap":{},"s":{},"f":{},"b":{},"_coverageSchema":"1a1c01bbd47fc00a2c39e90264f33305004495a9","hash":"0fff87aa2ce2c030b29f0edc6c9a1161642f0dd6"}
,"C:\\Users\\Adm\\Desktop\\coding\\CODING WORK-SCHOOL\\andela\\SIMULATIONS\\SendIT-ReactJs\\src\\routes\\index.js": {"path":"C:\\Users\\Adm\\Desktop\\coding\\CODING WORK-SCHOOL\\andela\\SIMULATIONS\\SendIT-ReactJs\\src\\routes\\index.js","statementMap":{"0":{"start":{"line":5,"column":15},"end":{"line":21,"column":1}}},"fnMap":{},"branchMap":{},"s":{"0":1},"f":{},"b":{},"_coverageSchema":"1a1c01bbd47fc00a2c39e90264f33305004495a9","hash":"07dfd7c7bede8ae8c8a9e40a950520e69566124a"}
,"C:\\Users\\Adm\\Desktop\\coding\\CODING WORK-SCHOOL\\andela\\SIMULATIONS\\SendIT-ReactJs\\src\\services\\Api.js": {"path":"C:\\Users\\Adm\\Desktop\\coding\\CODING WORK-SCHOOL\\andela\\SIMULATIONS\\SendIT-ReactJs\\src\\services\\Api.js","statementMap":{"0":{"start":{"line":4,"column":24},"end":{"line":4,"column":79}},"1":{"start":{"line":6,"column":14},"end":{"line":6,"column":78}},"2":{"start":{"line":6,"column":28},"end":{"line":6,"column":78}},"3":{"start":{"line":9,"column":19},"end":{"line":65,"column":1}},"4":{"start":{"line":11,"column":20},"end":{"line":11,"column":58}},"5":{"start":{"line":12,"column":19},"end":{"line":12,"column":63}},"6":{"start":{"line":13,"column":25},"end":{"line":13,"column":83}},"7":{"start":{"line":14,"column":31},"end":{"line":14,"column":84}},"8":{"start":{"line":15,"column":27},"end":{"line":15,"column":105}},"9":{"start":{"line":16,"column":25},"end":{"line":16,"column":89}},"10":{"start":{"line":19,"column":24},"end":{"line":19,"column":61}},"11":{"start":{"line":20,"column":29},"end":{"line":20,"column":67}},"12":{"start":{"line":21,"column":34},"end":{"line":21,"column":80}},"13":{"start":{"line":22,"column":34},"end":{"line":22,"column":87}},"14":{"start":{"line":23,"column":30},"end":{"line":23,"column":84}},"15":{"start":{"line":24,"column":32},"end":{"line":24,"column":88}},"16":{"start":{"line":27,"column":28},"end":{"line":27,"column":81}},"17":{"start":{"line":28,"column":31},"end":{"line":28,"column":72}},"18":{"start":{"line":29,"column":28},"end":{"line":29,"column":69}},"19":{"start":{"line":30,"column":28},"end":{"line":30,"column":81}},"20":{"start":{"line":31,"column":40},"end":{"line":31,"column":94}},"21":{"start":{"line":32,"column":27},"end":{"line":32,"column":71}},"22":{"start":{"line":33,"column":25},"end":{"line":33,"column":73}},"23":{"start":{"line":34,"column":28},"end":{"line":34,"column":79}},"24":{"start":{"line":35,"column":33},"end":{"line":35,"column":102}},"25":{"start":{"line":36,"column":28},"end":{"line":36,"column":89}},"26":{"start":{"line":37,"column":29},"end":{"line":37,"column":91}},"27":{"start":{"line":40,"column":33},"end":{"line":40,"column":68}},"28":{"start":{"line":41,"column":29},"end":{"line":41,"column":73}},"29":{"start":{"line":42,"column":26},"end":{"line":42,"column":70}},"30":{"start":{"line":45,"column":39},"end":{"line":45,"column":85}},"31":{"start":{"line":46,"column":40},"end":{"line":46,"column":94}},"32":{"start":{"line":47,"column":32},"end":{"line":47,"column":86}},"33":{"start":{"line":48,"column":22},"end":{"line":48,"column":65}},"34":{"start":{"line":51,"column":28},"end":{"line":51,"column":79}},"35":{"start":{"line":52,"column":27},"end":{"line":52,"column":108}},"36":{"start":{"line":53,"column":27},"end":{"line":53,"column":98}},"37":{"start":{"line":54,"column":27},"end":{"line":54,"column":105}},"38":{"start":{"line":55,"column":25},"end":{"line":55,"column":116}},"39":{"start":{"line":56,"column":23},"end":{"line":56,"column":94}},"40":{"start":{"line":57,"column":30},"end":{"line":57,"column":97}},"41":{"start":{"line":58,"column":23},"end":{"line":58,"column":78}},"42":{"start":{"line":59,"column":26},"end":{"line":59,"column":84}},"43":{"start":{"line":62,"column":35},"end":{"line":62,"column":69}},"44":{"start":{"line":63,"column":34},"end":{"line":63,"column":71}}},"fnMap":{"0":{"name":"(anonymous_0)","decl":{"start":{"line":6,"column":14},"end":{"line":6,"column":15}},"loc":{"start":{"line":6,"column":28},"end":{"line":6,"column":78}},"line":6},"1":{"name":"(anonymous_1)","decl":{"start":{"line":11,"column":12},"end":{"line":11,"column":13}},"loc":{"start":{"line":11,"column":20},"end":{"line":11,"column":58}},"line":11},"2":{"name":"(anonymous_2)","decl":{"start":{"line":12,"column":11},"end":{"line":12,"column":12}},"loc":{"start":{"line":12,"column":19},"end":{"line":12,"column":63}},"line":12},"3":{"name":"(anonymous_3)","decl":{"start":{"line":13,"column":17},"end":{"line":13,"column":18}},"loc":{"start":{"line":13,"column":25},"end":{"line":13,"column":83}},"line":13},"4":{"name":"(anonymous_4)","decl":{"start":{"line":14,"column":23},"end":{"line":14,"column":24}},"loc":{"start":{"line":14,"column":31},"end":{"line":14,"column":84}},"line":14},"5":{"name":"(anonymous_5)","decl":{"start":{"line":15,"column":19},"end":{"line":15,"column":20}},"loc":{"start":{"line":15,"column":27},"end":{"line":15,"column":105}},"line":15},"6":{"name":"(anonymous_6)","decl":{"start":{"line":16,"column":17},"end":{"line":16,"column":18}},"loc":{"start":{"line":16,"column":25},"end":{"line":16,"column":89}},"line":16},"7":{"name":"(anonymous_7)","decl":{"start":{"line":19,"column":18},"end":{"line":19,"column":19}},"loc":{"start":{"line":19,"column":24},"end":{"line":19,"column":61}},"line":19},"8":{"name":"(anonymous_8)","decl":{"start":{"line":20,"column":21},"end":{"line":20,"column":22}},"loc":{"start":{"line":20,"column":29},"end":{"line":20,"column":67}},"line":20},"9":{"name":"(anonymous_9)","decl":{"start":{"line":21,"column":22},"end":{"line":21,"column":23}},"loc":{"start":{"line":21,"column":34},"end":{"line":21,"column":80}},"line":21},"10":{"name":"(anonymous_10)","decl":{"start":{"line":22,"column":22},"end":{"line":22,"column":23}},"loc":{"start":{"line":22,"column":34},"end":{"line":22,"column":87}},"line":22},"11":{"name":"(anonymous_11)","decl":{"start":{"line":23,"column":18},"end":{"line":23,"column":19}},"loc":{"start":{"line":23,"column":30},"end":{"line":23,"column":84}},"line":23},"12":{"name":"(anonymous_12)","decl":{"start":{"line":24,"column":20},"end":{"line":24,"column":21}},"loc":{"start":{"line":24,"column":32},"end":{"line":24,"column":88}},"line":24},"13":{"name":"(anonymous_13)","decl":{"start":{"line":27,"column":20},"end":{"line":27,"column":21}},"loc":{"start":{"line":27,"column":28},"end":{"line":27,"column":81}},"line":27},"14":{"name":"(anonymous_14)","decl":{"start":{"line":28,"column":23},"end":{"line":28,"column":24}},"loc":{"start":{"line":28,"column":31},"end":{"line":28,"column":72}},"line":28},"15":{"name":"(anonymous_15)","decl":{"start":{"line":29,"column":20},"end":{"line":29,"column":21}},"loc":{"start":{"line":29,"column":28},"end":{"line":29,"column":69}},"line":29},"16":{"name":"(anonymous_16)","decl":{"start":{"line":30,"column":20},"end":{"line":30,"column":21}},"loc":{"start":{"line":30,"column":28},"end":{"line":30,"column":81}},"line":30},"17":{"name":"(anonymous_17)","decl":{"start":{"line":31,"column":28},"end":{"line":31,"column":29}},"loc":{"start":{"line":31,"column":40},"end":{"line":31,"column":94}},"line":31},"18":{"name":"(anonymous_18)","decl":{"start":{"line":32,"column":19},"end":{"line":32,"column":20}},"loc":{"start":{"line":32,"column":27},"end":{"line":32,"column":71}},"line":32},"19":{"name":"(anonymous_19)","decl":{"start":{"line":33,"column":17},"end":{"line":33,"column":18}},"loc":{"start":{"line":33,"column":25},"end":{"line":33,"column":73}},"line":33},"20":{"name":"(anonymous_20)","decl":{"start":{"line":34,"column":20},"end":{"line":34,"column":21}},"loc":{"start":{"line":34,"column":28},"end":{"line":34,"column":79}},"line":34},"21":{"name":"(anonymous_21)","decl":{"start":{"line":35,"column":25},"end":{"line":35,"column":26}},"loc":{"start":{"line":35,"column":33},"end":{"line":35,"column":102}},"line":35},"22":{"name":"(anonymous_22)","decl":{"start":{"line":36,"column":20},"end":{"line":36,"column":21}},"loc":{"start":{"line":36,"column":28},"end":{"line":36,"column":89}},"line":36},"23":{"name":"(anonymous_23)","decl":{"start":{"line":37,"column":21},"end":{"line":37,"column":22}},"loc":{"start":{"line":37,"column":29},"end":{"line":37,"column":91}},"line":37},"24":{"name":"(anonymous_24)","decl":{"start":{"line":40,"column":27},"end":{"line":40,"column":28}},"loc":{"start":{"line":40,"column":33},"end":{"line":40,"column":68}},"line":40},"25":{"name":"(anonymous_25)","decl":{"start":{"line":41,"column":21},"end":{"line":41,"column":22}},"loc":{"start":{"line":41,"column":29},"end":{"line":41,"column":73}},"line":41},"26":{"name":"(anonymous_26)","decl":{"start":{"line":42,"column":20},"end":{"line":42,"column":21}},"loc":{"start":{"line":42,"column":26},"end":{"line":42,"column":70}},"line":42},"27":{"name":"(anonymous_27)","decl":{"start":{"line":45,"column":33},"end":{"line":45,"column":34}},"loc":{"start":{"line":45,"column":39},"end":{"line":45,"column":85}},"line":45},"28":{"name":"(anonymous_28)","decl":{"start":{"line":46,"column":32},"end":{"line":46,"column":33}},"loc":{"start":{"line":46,"column":40},"end":{"line":46,"column":94}},"line":46},"29":{"name":"(anonymous_29)","decl":{"start":{"line":47,"column":24},"end":{"line":47,"column":25}},"loc":{"start":{"line":47,"column":32},"end":{"line":47,"column":86}},"line":47},"30":{"name":"(anonymous_30)","decl":{"start":{"line":48,"column":16},"end":{"line":48,"column":17}},"loc":{"start":{"line":48,"column":22},"end":{"line":48,"column":65}},"line":48},"31":{"name":"(anonymous_31)","decl":{"start":{"line":51,"column":20},"end":{"line":51,"column":21}},"loc":{"start":{"line":51,"column":28},"end":{"line":51,"column":79}},"line":51},"32":{"name":"(anonymous_32)","decl":{"start":{"line":52,"column":19},"end":{"line":52,"column":20}},"loc":{"start":{"line":52,"column":27},"end":{"line":52,"column":108}},"line":52},"33":{"name":"(anonymous_33)","decl":{"start":{"line":53,"column":19},"end":{"line":53,"column":20}},"loc":{"start":{"line":53,"column":27},"end":{"line":53,"column":98}},"line":53},"34":{"name":"(anonymous_34)","decl":{"start":{"line":54,"column":19},"end":{"line":54,"column":20}},"loc":{"start":{"line":54,"column":27},"end":{"line":54,"column":105}},"line":54},"35":{"name":"(anonymous_35)","decl":{"start":{"line":55,"column":17},"end":{"line":55,"column":18}},"loc":{"start":{"line":55,"column":25},"end":{"line":55,"column":116}},"line":55},"36":{"name":"(anonymous_36)","decl":{"start":{"line":56,"column":15},"end":{"line":56,"column":16}},"loc":{"start":{"line":56,"column":23},"end":{"line":56,"column":94}},"line":56},"37":{"name":"(anonymous_37)","decl":{"start":{"line":57,"column":22},"end":{"line":57,"column":23}},"loc":{"start":{"line":57,"column":30},"end":{"line":57,"column":97}},"line":57},"38":{"name":"(anonymous_38)","decl":{"start":{"line":58,"column":17},"end":{"line":58,"column":18}},"loc":{"start":{"line":58,"column":23},"end":{"line":58,"column":78}},"line":58},"39":{"name":"(anonymous_39)","decl":{"start":{"line":59,"column":20},"end":{"line":59,"column":21}},"loc":{"start":{"line":59,"column":26},"end":{"line":59,"column":84}},"line":59},"40":{"name":"(anonymous_40)","decl":{"start":{"line":62,"column":29},"end":{"line":62,"column":30}},"loc":{"start":{"line":62,"column":35},"end":{"line":62,"column":69}},"line":62},"41":{"name":"(anonymous_41)","decl":{"start":{"line":63,"column":28},"end":{"line":63,"column":29}},"loc":{"start":{"line":63,"column":34},"end":{"line":63,"column":71}},"line":63}},"branchMap":{"0":{"loc":{"start":{"line":6,"column":53},"end":{"line":6,"column":76}},"type":"cond-expr","locations":[{"start":{"line":6,"column":57},"end":{"line":6,"column":72}},{"start":{"line":6,"column":75},"end":{"line":6,"column":76}}],"line":6}},"s":{"0":2,"1":2,"2":1,"3":2,"4":1,"5":1,"6":1,"7":1,"8":1,"9":1,"10":2,"11":1,"12":0,"13":0,"14":0,"15":0,"16":1,"17":1,"18":1,"19":1,"20":1,"21":1,"22":1,"23":1,"24":1,"25":0,"26":0,"27":1,"28":1,"29":1,"30":1,"31":1,"32":0,"33":0,"34":0,"35":0,"36":0,"37":0,"38":0,"39":0,"40":0,"41":0,"42":0,"43":0,"44":0},"f":{"0":1,"1":1,"2":1,"3":1,"4":1,"5":1,"6":1,"7":2,"8":1,"9":0,"10":0,"11":0,"12":0,"13":1,"14":1,"15":1,"16":1,"17":1,"18":1,"19":1,"20":1,"21":1,"22":0,"23":0,"24":1,"25":1,"26":1,"27":1,"28":1,"29":0,"30":0,"31":0,"32":0,"33":0,"34":0,"35":0,"36":0,"37":0,"38":0,"39":0,"40":0,"41":0},"b":{"0":[0,1]},"_coverageSchema":"1a1c01bbd47fc00a2c39e90264f33305004495a9","hash":"e3b8b96c00d5be7df5859e3a706cebee9bf65c92"}
,"C:\\Users\\Adm\\Desktop\\coding\\CODING WORK-SCHOOL\\andela\\SIMULATIONS\\SendIT-ReactJs\\src\\utils\\errorMessage.js": {"path":"C:\\Users\\Adm\\Desktop\\coding\\CODING WORK-SCHOOL\\andela\\SIMULATIONS\\SendIT-ReactJs\\src\\utils\\errorMessage.js","statementMap":{},"fnMap":{},"branchMap":{},"s":{},"f":{},"b":{},"_coverageSchema":"1a1c01bbd47fc00a2c39e90264f33305004495a9","hash":"d68497da8b55db6898a72ff6ad89f049d060d3b1"}
,"C:\\Users\\Adm\\Desktop\\coding\\CODING WORK-SCHOOL\\andela\\SIMULATIONS\\SendIT-ReactJs\\src\\utils\\setAuthToken.js": {"path":"C:\\Users\\Adm\\Desktop\\coding\\CODING WORK-SCHOOL\\andela\\SIMULATIONS\\SendIT-ReactJs\\src\\utils\\setAuthToken.js","statementMap":{},"fnMap":{},"branchMap":{},"s":{},"f":{},"b":{},"_coverageSchema":"1a1c01bbd47fc00a2c39e90264f33305004495a9","hash":"d579aa97265bae7a6f8e97549bc22d031ae63606"}
,"C:\\Users\\Adm\\Desktop\\coding\\CODING WORK-SCHOOL\\andela\\SIMULATIONS\\SendIT-ReactJs\\src\\views\\HomePage\\Homepage.js": {"path":"C:\\Users\\Adm\\Desktop\\coding\\CODING WORK-SCHOOL\\andela\\SIMULATIONS\\SendIT-ReactJs\\src\\views\\HomePage\\Homepage.js","statementMap":{"0":{"start":{"line":4,"column":2},"end":{"line":20,"column":4}}},"fnMap":{"0":{"name":"Homepage","decl":{"start":{"line":3,"column":9},"end":{"line":3,"column":17}},"loc":{"start":{"line":3,"column":20},"end":{"line":21,"column":1}},"line":3}},"branchMap":{},"s":{"0":1},"f":{"0":1},"b":{},"_coverageSchema":"1a1c01bbd47fc00a2c39e90264f33305004495a9","hash":"64fc9539b0d663bf12e919d90ef27b2da7be9fe5"}
}
